Copyright 1986-2022 Xilinx, Inc. All Rights Reserved.
---------------------------------------------------------------------------------------------------------------------------------------------------------------------------------------------------------------------------------------------------------------------
| Tool Version : Vivado v.2022.2 (win64) Build 3671981 Fri Oct 14 05:00:03 MDT 2022
| Date         : Mon Sep 18 15:29:50 2023
| Host         : Samarth running 64-bit major release  (build 9200)
| Command      : report_timing_summary -max_paths 10 -report_unconstrained -file traffic_light_controller_timing_summary_routed.rpt -pb traffic_light_controller_timing_summary_routed.pb -rpx traffic_light_controller_timing_summary_routed.rpx -warn_on_violation
| Design       : traffic_light_controller
| Device       : 7z010-clg400
| Speed File   : -1  PRODUCTION 1.12 2019-11-22
---------------------------------------------------------------------------------------------------------------------------------------------------------------------------------------------------------------------------------------------------------------------

Timing Summary Report

------------------------------------------------------------------------------------------------
| Timer Settings
| --------------
------------------------------------------------------------------------------------------------

  Enable Multi Corner Analysis               :  Yes
  Enable Pessimism Removal                   :  Yes
  Pessimism Removal Resolution               :  Nearest Common Node
  Enable Input Delay Default Clock           :  No
  Enable Preset / Clear Arcs                 :  No
  Disable Flight Delays                      :  No
  Ignore I/O Paths                           :  No
  Timing Early Launch at Borrowing Latches   :  No
  Borrow Time for Max Delay Exceptions       :  Yes
  Merge Timing Exceptions                    :  Yes

  Corner  Analyze    Analyze    
  Name    Max Paths  Min Paths  
  ------  ---------  ---------  
  Slow    Yes        Yes        
  Fast    Yes        Yes        


------------------------------------------------------------------------------------------------
| Report Methodology
| ------------------
------------------------------------------------------------------------------------------------

Rule       Severity          Description                     Violations  
---------  ----------------  ------------------------------  ----------  
TIMING-17  Critical Warning  Non-clocked sequential cell     3           
TIMING-20  Warning           Non-clocked latch               4           
LATCH-1    Advisory          Existing latches in the design  1           

Note: This report is based on the most recent report_methodology run and may not be up-to-date. Run report_methodology on the current design for the latest report.



check_timing report

Table of Contents
-----------------
1. checking no_clock (15)
2. checking constant_clock (0)
3. checking pulse_width_clock (0)
4. checking unconstrained_internal_endpoints (10)
5. checking no_input_delay (2)
6. checking no_output_delay (4)
7. checking multiple_clock (0)
8. checking generated_clocks (0)
9. checking loops (0)
10. checking partial_input_delay (0)
11. checking partial_output_delay (0)
12. checking latch_loops (0)

1. checking no_clock (15)
-------------------------
 There are 3 register/latch pins with no clock driven by root clock pin: clk (HIGH)

 There are 4 register/latch pins with no clock driven by root clock pin: FSM_sequential_state_reg[0]/Q (HIGH)

 There are 4 register/latch pins with no clock driven by root clock pin: FSM_sequential_state_reg[1]/Q (HIGH)

 There are 4 register/latch pins with no clock driven by root clock pin: FSM_sequential_state_reg[2]/Q (HIGH)


2. checking constant_clock (0)
------------------------------
 There are 0 register/latch pins with constant_clock.


3. checking pulse_width_clock (0)
---------------------------------
 There are 0 register/latch pins which need pulse_width check


4. checking unconstrained_internal_endpoints (10)
-------------------------------------------------
 There are 10 pins that are not constrained for maximum delay. (HIGH)

 There are 0 pins that are not constrained for maximum delay due to constant clock.


5. checking no_input_delay (2)
------------------------------
 There are 2 input ports with no input delay specified. (HIGH)

 There are 0 input ports with no input delay but user has a false path constraint.


6. checking no_output_delay (4)
-------------------------------
 There are 4 ports with no output delay specified. (HIGH)

 There are 0 ports with no output delay but user has a false path constraint

 There are 0 ports with no output delay but with a timing clock defined on it or propagating through it


7. checking multiple_clock (0)
------------------------------
 There are 0 register/latch pins with multiple clocks.


8. checking generated_clocks (0)
--------------------------------
 There are 0 generated clocks that are not connected to a clock source.


9. checking loops (0)
---------------------
 There are 0 combinational loops in the design.


10. checking partial_input_delay (0)
------------------------------------
 There are 0 input ports with partial input delay specified.


11. checking partial_output_delay (0)
-------------------------------------
 There are 0 ports with partial output delay specified.


12. checking latch_loops (0)
----------------------------
 There are 0 combinational latch loops in the design through latch input



------------------------------------------------------------------------------------------------
| Design Timing Summary
| ---------------------
------------------------------------------------------------------------------------------------

    WNS(ns)      TNS(ns)  TNS Failing Endpoints  TNS Total Endpoints      WHS(ns)      THS(ns)  THS Failing Endpoints  THS Total Endpoints     WPWS(ns)     TPWS(ns)  TPWS Failing Endpoints  TPWS Total Endpoints  
    -------      -------  ---------------------  -------------------      -------      -------  ---------------------  -------------------     --------     --------  ----------------------  --------------------  
        inf        0.000                      0                   14          inf        0.000                      0                   14           NA           NA                      NA                    NA  


There are no user specified timing constraints.


------------------------------------------------------------------------------------------------
| Clock Summary
| -------------
------------------------------------------------------------------------------------------------


------------------------------------------------------------------------------------------------
| Intra Clock Table
| -----------------
------------------------------------------------------------------------------------------------

Clock             WNS(ns)      TNS(ns)  TNS Failing Endpoints  TNS Total Endpoints      WHS(ns)      THS(ns)  THS Failing Endpoints  THS Total Endpoints     WPWS(ns)     TPWS(ns)  TPWS Failing Endpoints  TPWS Total Endpoints  
-----             -------      -------  ---------------------  -------------------      -------      -------  ---------------------  -------------------     --------     --------  ----------------------  --------------------  


------------------------------------------------------------------------------------------------
| Inter Clock Table
| -----------------
------------------------------------------------------------------------------------------------

From Clock    To Clock          WNS(ns)      TNS(ns)  TNS Failing Endpoints  TNS Total Endpoints      WHS(ns)      THS(ns)  THS Failing Endpoints  THS Total Endpoints  
----------    --------          -------      -------  ---------------------  -------------------      -------      -------  ---------------------  -------------------  


------------------------------------------------------------------------------------------------
| Other Path Groups Table
| -----------------------
------------------------------------------------------------------------------------------------

Path Group    From Clock    To Clock          WNS(ns)      TNS(ns)  TNS Failing Endpoints  TNS Total Endpoints      WHS(ns)      THS(ns)  THS Failing Endpoints  THS Total Endpoints  
----------    ----------    --------          -------      -------  ---------------------  -------------------      -------      -------  ---------------------  -------------------  


------------------------------------------------------------------------------------------------
| User Ignored Path Table
| -----------------------
------------------------------------------------------------------------------------------------

Path Group    From Clock    To Clock    
----------    ----------    --------    


------------------------------------------------------------------------------------------------
| Unconstrained Path Table
| ------------------------
------------------------------------------------------------------------------------------------

Path Group    From Clock    To Clock    
----------    ----------    --------    
(none)                                    


------------------------------------------------------------------------------------------------
| Timing Details
| --------------
------------------------------------------------------------------------------------------------


--------------------------------------------------------------------------------------
Path Group:  (none)
From Clock:  
  To Clock:  

Max Delay            14 Endpoints
Min Delay            14 Endpoints
--------------------------------------------------------------------------------------


Max Delay Paths
--------------------------------------------------------------------------------------
Slack:                    inf
  Source:                 hgw_sig_reg[1]/G
                            (positive level-sensitive latch)
  Destination:            hgw_sig[1]
                            (output port)
  Path Group:             (none)
  Path Type:              Max at Slow Process Corner
  Data Path Delay:        7.007ns  (logic 4.135ns (59.012%)  route 2.872ns (40.988%))
  Logic Levels:           2  (LDCE=1 OBUF=1)

    Location             Delay type                Incr(ns)  Path(ns)    Netlist Resource(s)
  -------------------------------------------------------------------    -------------------
    SLICE_X42Y56         LDCE                         0.000     0.000 r  hgw_sig_reg[1]/G
    SLICE_X42Y56         LDCE (EnToQ_ldce_G_Q)        0.625     0.625 r  hgw_sig_reg[1]/Q
                         net (fo=1, routed)           2.872     3.497    hgw_sig_OBUF[1]
    D18                  OBUF (Prop_obuf_I_O)         3.510     7.007 r  hgw_sig_OBUF[1]_inst/O
                         net (fo=0)                   0.000     7.007    hgw_sig[1]
    D18                                                               r  hgw_sig[1] (OUT)
  -------------------------------------------------------------------    -------------------

Slack:                    inf
  Source:                 hgw_sig_reg[0]/G
                            (positive level-sensitive latch)
  Destination:            hgw_sig[0]
                            (output port)
  Path Group:             (none)
  Path Type:              Max at Slow Process Corner
  Data Path Delay:        6.989ns  (logic 4.110ns (58.818%)  route 2.878ns (41.182%))
  Logic Levels:           2  (LDCE=1 OBUF=1)

    Location             Delay type                Incr(ns)  Path(ns)    Netlist Resource(s)
  -------------------------------------------------------------------    -------------------
    SLICE_X42Y56         LDCE                         0.000     0.000 r  hgw_sig_reg[0]/G
    SLICE_X42Y56         LDCE (EnToQ_ldce_G_Q)        0.625     0.625 r  hgw_sig_reg[0]/Q
                         net (fo=1, routed)           2.878     3.503    hgw_sig_OBUF[0]
    G14                  OBUF (Prop_obuf_I_O)         3.485     6.989 r  hgw_sig_OBUF[0]_inst/O
                         net (fo=0)                   0.000     6.989    hgw_sig[0]
    G14                                                               r  hgw_sig[0] (OUT)
  -------------------------------------------------------------------    -------------------

Slack:                    inf
  Source:                 cnt_sig_reg[1]/G
                            (positive level-sensitive latch)
  Destination:            cnt_sig[1]
                            (output port)
  Path Group:             (none)
  Path Type:              Max at Slow Process Corner
  Data Path Delay:        5.768ns  (logic 4.098ns (71.048%)  route 1.670ns (28.952%))
  Logic Levels:           2  (LDCE=1 OBUF=1)

    Location             Delay type                Incr(ns)  Path(ns)    Netlist Resource(s)
  -------------------------------------------------------------------    -------------------
    SLICE_X43Y55         LDCE                         0.000     0.000 r  cnt_sig_reg[1]/G
    SLICE_X43Y55         LDCE (EnToQ_ldce_G_Q)        0.559     0.559 r  cnt_sig_reg[1]/Q
                         net (fo=1, routed)           1.670     2.229    cnt_sig_OBUF[1]
    M15                  OBUF (Prop_obuf_I_O)         3.539     5.768 r  cnt_sig_OBUF[1]_inst/O
                         net (fo=0)                   0.000     5.768    cnt_sig[1]
    M15                                                               r  cnt_sig[1] (OUT)
  -------------------------------------------------------------------    -------------------

Slack:                    inf
  Source:                 cnt_sig_reg[0]/G
                            (positive level-sensitive latch)
  Destination:            cnt_sig[0]
                            (output port)
  Path Group:             (none)
  Path Type:              Max at Slow Process Corner
  Data Path Delay:        5.767ns  (logic 4.090ns (70.921%)  route 1.677ns (29.079%))
  Logic Levels:           2  (LDCE=1 OBUF=1)

    Location             Delay type                Incr(ns)  Path(ns)    Netlist Resource(s)
  -------------------------------------------------------------------    -------------------
    SLICE_X43Y55         LDCE                         0.000     0.000 r  cnt_sig_reg[0]/G
    SLICE_X43Y55         LDCE (EnToQ_ldce_G_Q)        0.559     0.559 r  cnt_sig_reg[0]/Q
                         net (fo=1, routed)           1.677     2.236    cnt_sig_OBUF[0]
    M14                  OBUF (Prop_obuf_I_O)         3.531     5.767 r  cnt_sig_OBUF[0]_inst/O
                         net (fo=0)                   0.000     5.767    cnt_sig[0]
    M14                                                               r  cnt_sig[0] (OUT)
  -------------------------------------------------------------------    -------------------

Slack:                    inf
  Source:                 t
                            (input port)
  Destination:            FSM_sequential_state_reg[1]/D
  Path Group:             (none)
  Path Type:              Max at Slow Process Corner
  Data Path Delay:        3.930ns  (logic 1.601ns (40.733%)  route 2.329ns (59.267%))
  Logic Levels:           2  (IBUF=1 LUT4=1)

    Location             Delay type                Incr(ns)  Path(ns)    Netlist Resource(s)
  -------------------------------------------------------------------    -------------------
    P15                                               0.000     0.000 r  t (IN)
                         net (fo=0)                   0.000     0.000    t
    P15                  IBUF (Prop_ibuf_I_O)         1.451     1.451 r  t_IBUF_inst/O
                         net (fo=3, routed)           2.329     3.780    t_IBUF
    SLICE_X42Y55         LUT4 (Prop_lut4_I1_O)        0.150     3.930 r  FSM_sequential_state[1]_i_1/O
                         net (fo=1, routed)           0.000     3.930    next_state[1]
    SLICE_X42Y55         FDCE                                         r  FSM_sequential_state_reg[1]/D
  -------------------------------------------------------------------    -------------------

Slack:                    inf
  Source:                 t
                            (input port)
  Destination:            FSM_sequential_state_reg[0]/D
  Path Group:             (none)
  Path Type:              Max at Slow Process Corner
  Data Path Delay:        3.904ns  (logic 1.575ns (40.338%)  route 2.329ns (59.662%))
  Logic Levels:           2  (IBUF=1 LUT4=1)

    Location             Delay type                Incr(ns)  Path(ns)    Netlist Resource(s)
  -------------------------------------------------------------------    -------------------
    P15                                               0.000     0.000 r  t (IN)
                         net (fo=0)                   0.000     0.000    t
    P15                  IBUF (Prop_ibuf_I_O)         1.451     1.451 r  t_IBUF_inst/O
                         net (fo=3, routed)           2.329     3.780    t_IBUF
    SLICE_X42Y55         LUT4 (Prop_lut4_I0_O)        0.124     3.904 r  FSM_sequential_state[0]_i_1/O
                         net (fo=1, routed)           0.000     3.904    next_state[0]
    SLICE_X42Y55         FDCE                                         r  FSM_sequential_state_reg[0]/D
  -------------------------------------------------------------------    -------------------

Slack:                    inf
  Source:                 t
                            (input port)
  Destination:            FSM_sequential_state_reg[2]/D
  Path Group:             (none)
  Path Type:              Max at Slow Process Corner
  Data Path Delay:        3.901ns  (logic 1.575ns (40.369%)  route 2.326ns (59.631%))
  Logic Levels:           2  (IBUF=1 LUT4=1)

    Location             Delay type                Incr(ns)  Path(ns)    Netlist Resource(s)
  -------------------------------------------------------------------    -------------------
    P15                                               0.000     0.000 f  t (IN)
                         net (fo=0)                   0.000     0.000    t
    P15                  IBUF (Prop_ibuf_I_O)         1.451     1.451 f  t_IBUF_inst/O
                         net (fo=3, routed)           2.326     3.777    t_IBUF
    SLICE_X42Y55         LUT4 (Prop_lut4_I2_O)        0.124     3.901 r  FSM_sequential_state[2]_i_1/O
                         net (fo=1, routed)           0.000     3.901    FSM_sequential_state[2]_i_1_n_0
    SLICE_X42Y55         FDCE                                         r  FSM_sequential_state_reg[2]/D
  -------------------------------------------------------------------    -------------------

Slack:                    inf
  Source:                 rst
                            (input port)
  Destination:            FSM_sequential_state_reg[0]/CLR
  Path Group:             (none)
  Path Type:              Max at Slow Process Corner
  Data Path Delay:        2.554ns  (logic 1.452ns (56.876%)  route 1.101ns (43.124%))
  Logic Levels:           1  (IBUF=1)

    Location             Delay type                Incr(ns)  Path(ns)    Netlist Resource(s)
  -------------------------------------------------------------------    -------------------
    G15                                               0.000     0.000 f  rst (IN)
                         net (fo=0)                   0.000     0.000    rst
    G15                  IBUF (Prop_ibuf_I_O)         1.452     1.452 f  rst_IBUF_inst/O
                         net (fo=3, routed)           1.101     2.554    rst_IBUF
    SLICE_X42Y55         FDCE                                         f  FSM_sequential_state_reg[0]/CLR
  -------------------------------------------------------------------    -------------------

Slack:                    inf
  Source:                 rst
                            (input port)
  Destination:            FSM_sequential_state_reg[1]/CLR
  Path Group:             (none)
  Path Type:              Max at Slow Process Corner
  Data Path Delay:        2.554ns  (logic 1.452ns (56.876%)  route 1.101ns (43.124%))
  Logic Levels:           1  (IBUF=1)

    Location             Delay type                Incr(ns)  Path(ns)    Netlist Resource(s)
  -------------------------------------------------------------------    -------------------
    G15                                               0.000     0.000 f  rst (IN)
                         net (fo=0)                   0.000     0.000    rst
    G15                  IBUF (Prop_ibuf_I_O)         1.452     1.452 f  rst_IBUF_inst/O
                         net (fo=3, routed)           1.101     2.554    rst_IBUF
    SLICE_X42Y55         FDCE                                         f  FSM_sequential_state_reg[1]/CLR
  -------------------------------------------------------------------    -------------------

Slack:                    inf
  Source:                 rst
                            (input port)
  Destination:            FSM_sequential_state_reg[2]/CLR
  Path Group:             (none)
  Path Type:              Max at Slow Process Corner
  Data Path Delay:        2.554ns  (logic 1.452ns (56.876%)  route 1.101ns (43.124%))
  Logic Levels:           1  (IBUF=1)

    Location             Delay type                Incr(ns)  Path(ns)    Netlist Resource(s)
  -------------------------------------------------------------------    -------------------
    G15                                               0.000     0.000 f  rst (IN)
                         net (fo=0)                   0.000     0.000    rst
    G15                  IBUF (Prop_ibuf_I_O)         1.452     1.452 f  rst_IBUF_inst/O
                         net (fo=3, routed)           1.101     2.554    rst_IBUF
    SLICE_X42Y55         FDCE                                         f  FSM_sequential_state_reg[2]/CLR
  -------------------------------------------------------------------    -------------------





Min Delay Paths
--------------------------------------------------------------------------------------
Slack:                    inf
  Source:                 FSM_sequential_state_reg[0]/C
                            (rising edge-triggered cell FDCE)
  Destination:            FSM_sequential_state_reg[1]/D
  Path Group:             (none)
  Path Type:              Min at Fast Process Corner
  Data Path Delay:        0.393ns  (logic 0.207ns (52.626%)  route 0.186ns (47.374%))
  Logic Levels:           2  (FDCE=1 LUT4=1)

    Location             Delay type                Incr(ns)  Path(ns)    Netlist Resource(s)
  -------------------------------------------------------------------    -------------------
    SLICE_X42Y55         FDCE                         0.000     0.000 r  FSM_sequential_state_reg[0]/C
    SLICE_X42Y55         FDCE (Prop_fdce_C_Q)         0.164     0.164 r  FSM_sequential_state_reg[0]/Q
                         net (fo=8, routed)           0.186     0.350    state[0]
    SLICE_X42Y55         LUT4 (Prop_lut4_I0_O)        0.043     0.393 r  FSM_sequential_state[1]_i_1/O
                         net (fo=1, routed)           0.000     0.393    next_state[1]
    SLICE_X42Y55         FDCE                                         r  FSM_sequential_state_reg[1]/D
  -------------------------------------------------------------------    -------------------

Slack:                    inf
  Source:                 FSM_sequential_state_reg[0]/C
                            (rising edge-triggered cell FDCE)
  Destination:            FSM_sequential_state_reg[0]/D
  Path Group:             (none)
  Path Type:              Min at Fast Process Corner
  Data Path Delay:        0.395ns  (logic 0.209ns (52.866%)  route 0.186ns (47.134%))
  Logic Levels:           2  (FDCE=1 LUT4=1)

    Location             Delay type                Incr(ns)  Path(ns)    Netlist Resource(s)
  -------------------------------------------------------------------    -------------------
    SLICE_X42Y55         FDCE                         0.000     0.000 r  FSM_sequential_state_reg[0]/C
    SLICE_X42Y55         FDCE (Prop_fdce_C_Q)         0.164     0.164 f  FSM_sequential_state_reg[0]/Q
                         net (fo=8, routed)           0.186     0.350    state[0]
    SLICE_X42Y55         LUT4 (Prop_lut4_I1_O)        0.045     0.395 r  FSM_sequential_state[0]_i_1/O
                         net (fo=1, routed)           0.000     0.395    next_state[0]
    SLICE_X42Y55         FDCE                                         r  FSM_sequential_state_reg[0]/D
  -------------------------------------------------------------------    -------------------

Slack:                    inf
  Source:                 FSM_sequential_state_reg[0]/C
                            (rising edge-triggered cell FDCE)
  Destination:            FSM_sequential_state_reg[2]/D
  Path Group:             (none)
  Path Type:              Min at Fast Process Corner
  Data Path Delay:        0.395ns  (logic 0.209ns (52.866%)  route 0.186ns (47.134%))
  Logic Levels:           2  (FDCE=1 LUT4=1)

    Location             Delay type                Incr(ns)  Path(ns)    Netlist Resource(s)
  -------------------------------------------------------------------    -------------------
    SLICE_X42Y55         FDCE                         0.000     0.000 r  FSM_sequential_state_reg[0]/C
    SLICE_X42Y55         FDCE (Prop_fdce_C_Q)         0.164     0.164 r  FSM_sequential_state_reg[0]/Q
                         net (fo=8, routed)           0.186     0.350    state[0]
    SLICE_X42Y55         LUT4 (Prop_lut4_I1_O)        0.045     0.395 r  FSM_sequential_state[2]_i_1/O
                         net (fo=1, routed)           0.000     0.395    FSM_sequential_state[2]_i_1_n_0
    SLICE_X42Y55         FDCE                                         r  FSM_sequential_state_reg[2]/D
  -------------------------------------------------------------------    -------------------

Slack:                    inf
  Source:                 FSM_sequential_state_reg[1]/C
                            (rising edge-triggered cell FDCE)
  Destination:            cnt_sig_reg[0]/D
  Path Group:             (none)
  Path Type:              Min at Fast Process Corner
  Data Path Delay:        0.478ns  (logic 0.250ns (52.247%)  route 0.228ns (47.753%))
  Logic Levels:           2  (FDCE=1 LUT3=1)

    Location             Delay type                Incr(ns)  Path(ns)    Netlist Resource(s)
  -------------------------------------------------------------------    -------------------
    SLICE_X42Y55         FDCE                         0.000     0.000 r  FSM_sequential_state_reg[1]/C
    SLICE_X42Y55         FDCE (Prop_fdce_C_Q)         0.148     0.148 f  FSM_sequential_state_reg[1]/Q
                         net (fo=8, routed)           0.170     0.318    state[1]
    SLICE_X42Y55         LUT3 (Prop_lut3_I1_O)        0.102     0.420 r  cnt_sig_reg[0]_i_1/O
                         net (fo=1, routed)           0.059     0.478    cnt_sig_reg[0]_i_1_n_0
    SLICE_X43Y55         LDCE                                         r  cnt_sig_reg[0]/D
  -------------------------------------------------------------------    -------------------

Slack:                    inf
  Source:                 FSM_sequential_state_reg[1]/C
                            (rising edge-triggered cell FDCE)
  Destination:            hgw_sig_reg[1]/D
  Path Group:             (none)
  Path Type:              Min at Fast Process Corner
  Data Path Delay:        0.518ns  (logic 0.249ns (48.053%)  route 0.269ns (51.947%))
  Logic Levels:           2  (FDCE=1 LUT3=1)

    Location             Delay type                Incr(ns)  Path(ns)    Netlist Resource(s)
  -------------------------------------------------------------------    -------------------
    SLICE_X42Y55         FDCE                         0.000     0.000 r  FSM_sequential_state_reg[1]/C
    SLICE_X42Y55         FDCE (Prop_fdce_C_Q)         0.148     0.148 r  FSM_sequential_state_reg[1]/Q
                         net (fo=8, routed)           0.154     0.302    state[1]
    SLICE_X42Y55         LUT3 (Prop_lut3_I0_O)        0.101     0.403 r  hgw_sig_reg[1]_i_1/O
                         net (fo=1, routed)           0.116     0.518    hgw_sig_reg[1]_i_1_n_0
    SLICE_X42Y56         LDCE                                         r  hgw_sig_reg[1]/D
  -------------------------------------------------------------------    -------------------

Slack:                    inf
  Source:                 FSM_sequential_state_reg[0]/C
                            (rising edge-triggered cell FDCE)
  Destination:            hgw_sig_reg[0]/D
  Path Group:             (none)
  Path Type:              Min at Fast Process Corner
  Data Path Delay:        0.568ns  (logic 0.207ns (36.468%)  route 0.361ns (63.532%))
  Logic Levels:           2  (FDCE=1 LUT3=1)

    Location             Delay type                Incr(ns)  Path(ns)    Netlist Resource(s)
  -------------------------------------------------------------------    -------------------
    SLICE_X42Y55         FDCE                         0.000     0.000 r  FSM_sequential_state_reg[0]/C
    SLICE_X42Y55         FDCE (Prop_fdce_C_Q)         0.164     0.164 r  FSM_sequential_state_reg[0]/Q
                         net (fo=8, routed)           0.186     0.350    state[0]
    SLICE_X42Y55         LUT3 (Prop_lut3_I0_O)        0.043     0.393 r  hgw_sig_reg[0]_i_1/O
                         net (fo=1, routed)           0.174     0.568    hgw_sig_reg[0]_i_1_n_0
    SLICE_X42Y56         LDCE                                         r  hgw_sig_reg[0]/D
  -------------------------------------------------------------------    -------------------

Slack:                    inf
  Source:                 FSM_sequential_state_reg[1]/C
                            (rising edge-triggered cell FDCE)
  Destination:            cnt_sig_reg[1]/D
  Path Group:             (none)
  Path Type:              Min at Fast Process Corner
  Data Path Delay:        0.639ns  (logic 0.246ns (38.490%)  route 0.393ns (61.510%))
  Logic Levels:           2  (FDCE=1 LUT3=1)

    Location             Delay type                Incr(ns)  Path(ns)    Netlist Resource(s)
  -------------------------------------------------------------------    -------------------
    SLICE_X42Y55         FDCE                         0.000     0.000 r  FSM_sequential_state_reg[1]/C
    SLICE_X42Y55         FDCE (Prop_fdce_C_Q)         0.148     0.148 f  FSM_sequential_state_reg[1]/Q
                         net (fo=8, routed)           0.170     0.318    state[1]
    SLICE_X42Y55         LUT3 (Prop_lut3_I1_O)        0.098     0.416 r  cnt_sig_reg[1]_i_1/O
                         net (fo=1, routed)           0.224     0.639    cnt_sig_reg[1]_i_1_n_0
    SLICE_X43Y55         LDCE                                         r  cnt_sig_reg[1]/D
  -------------------------------------------------------------------    -------------------

Slack:                    inf
  Source:                 rst
                            (input port)
  Destination:            FSM_sequential_state_reg[0]/CLR
  Path Group:             (none)
  Path Type:              Min at Fast Process Corner
  Data Path Delay:        0.654ns  (logic 0.220ns (33.730%)  route 0.433ns (66.270%))
  Logic Levels:           1  (IBUF=1)

    Location             Delay type                Incr(ns)  Path(ns)    Netlist Resource(s)
  -------------------------------------------------------------------    -------------------
    G15                                               0.000     0.000 f  rst (IN)
                         net (fo=0)                   0.000     0.000    rst
    G15                  IBUF (Prop_ibuf_I_O)         0.220     0.220 f  rst_IBUF_inst/O
                         net (fo=3, routed)           0.433     0.654    rst_IBUF
    SLICE_X42Y55         FDCE                                         f  FSM_sequential_state_reg[0]/CLR
  -------------------------------------------------------------------    -------------------

Slack:                    inf
  Source:                 rst
                            (input port)
  Destination:            FSM_sequential_state_reg[1]/CLR
  Path Group:             (none)
  Path Type:              Min at Fast Process Corner
  Data Path Delay:        0.654ns  (logic 0.220ns (33.730%)  route 0.433ns (66.270%))
  Logic Levels:           1  (IBUF=1)

    Location             Delay type                Incr(ns)  Path(ns)    Netlist Resource(s)
  -------------------------------------------------------------------    -------------------
    G15                                               0.000     0.000 f  rst (IN)
                         net (fo=0)                   0.000     0.000    rst
    G15                  IBUF (Prop_ibuf_I_O)         0.220     0.220 f  rst_IBUF_inst/O
                         net (fo=3, routed)           0.433     0.654    rst_IBUF
    SLICE_X42Y55         FDCE                                         f  FSM_sequential_state_reg[1]/CLR
  -------------------------------------------------------------------    -------------------

Slack:                    inf
  Source:                 rst
                            (input port)
  Destination:            FSM_sequential_state_reg[2]/CLR
  Path Group:             (none)
  Path Type:              Min at Fast Process Corner
  Data Path Delay:        0.654ns  (logic 0.220ns (33.730%)  route 0.433ns (66.270%))
  Logic Levels:           1  (IBUF=1)

    Location             Delay type                Incr(ns)  Path(ns)    Netlist Resource(s)
  -------------------------------------------------------------------    -------------------
    G15                                               0.000     0.000 f  rst (IN)
                         net (fo=0)                   0.000     0.000    rst
    G15                  IBUF (Prop_ibuf_I_O)         0.220     0.220 f  rst_IBUF_inst/O
                         net (fo=3, routed)           0.433     0.654    rst_IBUF
    SLICE_X42Y55         FDCE                                         f  FSM_sequential_state_reg[2]/CLR
  -------------------------------------------------------------------    -------------------





